update-alternatives 2017-12-01 21:52:54: run with --quiet --install /usr/bin/awk awk /usr/bin/mawk 5 --slave /usr/share/man/man1/awk.1.gz awk.1.gz /usr/share/man/man1/mawk.1.gz --slave /usr/bin/nawk nawk /usr/bin/mawk --slave /usr/share/man/man1/nawk.1.gz nawk.1.gz /usr/share/man/man1/mawk.1.gz
update-alternatives 2017-12-01 21:52:54: link group awk updated to point to /usr/bin/mawk
update-alternatives 2017-12-01 21:53:03: run with --quiet --install /usr/bin/awk awk /usr/bin/mawk 5 --slave /usr/share/man/man1/awk.1.gz awk.1.gz /usr/share/man/man1/mawk.1.gz --slave /usr/bin/nawk nawk /usr/bin/mawk --slave /usr/share/man/man1/nawk.1.gz nawk.1.gz /usr/share/man/man1/mawk.1.gz
update-alternatives 2017-12-01 21:53:05: run with --install /usr/sbin/rmt rmt /usr/sbin/rmt-tar 50 --slave /usr/share/man/man8/rmt.8.gz rmt.8.gz /usr/share/man/man8/rmt-tar.8.gz
update-alternatives 2017-12-01 21:53:05: link group rmt updated to point to /usr/sbin/rmt-tar
update-alternatives 2017-12-01 21:53:07: run with --install /usr/share/man/man7/builtins.7.gz builtins.7.gz /usr/share/man/man7/bash-builtins.7.gz 10
update-alternatives 2017-12-01 21:53:07: link group builtins.7.gz updated to point to /usr/share/man/man7/bash-builtins.7.gz
update-alternatives 2017-12-01 21:53:08: run with --install /usr/bin/pager pager /bin/more 50 --slave /usr/share/man/man1/pager.1.gz pager.1.gz /usr/share/man/man1/more.1.gz
update-alternatives 2017-12-01 21:53:08: link group pager updated to point to /bin/more
update-alternatives 2017-12-01 21:53:08: run with --install /usr/bin/pager pager /usr/bin/pg 10 --slave /usr/share/man/man1/pager.1.gz pager.1.gz /usr/share/man/man1/pg.1.gz
update-alternatives 2017-12-01 21:53:08: run with --install /usr/bin/w w /usr/bin/w.procps 50 --slave /usr/share/man/man1/w.1.gz w.1.gz /usr/share/man/man1/w.procps.1.gz
update-alternatives 2017-12-01 21:53:08: link group w updated to point to /usr/bin/w.procps
update-alternatives 2017-12-01 21:53:20: run with --remove builtins.7.gz /usr/share/man/man7/bash-builtins.7.gz
update-alternatives 2017-12-01 21:53:20: link group builtins.7.gz fully removed
update-alternatives 2017-12-01 21:53:20: run with --install /usr/share/man/man7/builtins.7.gz builtins.7.gz /usr/share/man/man7/bash-builtins.7.gz 10
update-alternatives 2017-12-01 21:53:20: link group builtins.7.gz updated to point to /usr/share/man/man7/bash-builtins.7.gz
update-alternatives 2017-12-01 21:53:25: run with --install /usr/bin/pager pager /bin/more 50 --slave /usr/share/man/man1/pager.1.gz pager.1.gz /usr/share/man/man1/more.1.gz
update-alternatives 2017-12-01 21:53:25: run with --install /usr/bin/pager pager /usr/bin/pg 10 --slave /usr/share/man/man1/pager.1.gz pager.1.gz /usr/share/man/man1/pg.1.gz
update-alternatives 2017-12-01 21:53:25: run with --install /usr/sbin/rmt rmt /usr/sbin/rmt-tar 50 --slave /usr/share/man/man8/rmt.8.gz rmt.8.gz /usr/share/man/man8/rmt-tar.8.gz
update-alternatives 2017-12-01 21:53:27: run with --install /usr/bin/w w /usr/bin/w.procps 50 --slave /usr/share/man/man1/w.1.gz w.1.gz /usr/share/man/man1/w.procps.1.gz
update-alternatives 2018-01-09 22:51:25: run with --install /usr/bin/rename rename /usr/bin/prename 60 --slave /usr/share/man/man1/rename.1.gz rename.1.gz /usr/share/man/man1/prename.1.gz
update-alternatives 2018-01-09 22:51:25: link group rename updated to point to /usr/bin/prename
update-alternatives 2018-01-09 22:51:31: run with --quiet --install /lib/cpp cpp /usr/bin/cpp 10
update-alternatives 2018-01-09 22:51:31: link group cpp updated to point to /usr/bin/cpp
update-alternatives 2018-01-09 22:51:32: run with --quiet --install /usr/bin/cc cc /usr/bin/gcc 20 --slave /usr/share/man/man1/cc.1.gz cc.1.gz /usr/share/man/man1/gcc.1.gz
update-alternatives 2018-01-09 22:51:32: link group cc updated to point to /usr/bin/gcc
update-alternatives 2018-01-09 22:51:32: run with --quiet --install /usr/bin/c89 c89 /usr/bin/c89-gcc 20 --slave /usr/share/man/man1/c89.1.gz c89.1.gz /usr/share/man/man1/c89-gcc.1.gz
update-alternatives 2018-01-09 22:51:32: link group c89 updated to point to /usr/bin/c89-gcc
update-alternatives 2018-01-09 22:51:32: run with --quiet --install /usr/bin/c99 c99 /usr/bin/c99-gcc 20 --slave /usr/share/man/man1/c99.1.gz c99.1.gz /usr/share/man/man1/c99-gcc.1.gz
update-alternatives 2018-01-09 22:51:32: link group c99 updated to point to /usr/bin/c99-gcc
update-alternatives 2018-01-09 22:51:32: run with --install /usr/bin/c++ c++ /usr/bin/g++ 20 --slave /usr/share/man/man1/c++.1.gz c++.1.gz /usr/share/man/man1/g++.1.gz
update-alternatives 2018-01-09 22:51:32: link group c++ updated to point to /usr/bin/g++
update-alternatives 2018-01-09 22:51:32: run with --install /usr/bin/lzma lzma /usr/bin/xz 20 --slave /usr/share/man/man1/lzma.1.gz lzma.1.gz /usr/share/man/man1/xz.1.gz --slave /usr/bin/unlzma unlzma /usr/bin/unxz --slave /usr/share/man/man1/unlzma.1.gz unlzma.1.gz /usr/share/man/man1/unxz.1.gz --slave /usr/bin/lzcat lzcat /usr/bin/xzcat --slave /usr/share/man/man1/lzcat.1.gz lzcat.1.gz /usr/share/man/man1/xzcat.1.gz --slave /usr/bin/lzmore lzmore /usr/bin/xzmore --slave /usr/share/man/man1/lzmore.1.gz lzmore.1.gz /usr/share/man/man1/xzmore.1.gz --slave /usr/bin/lzless lzless /usr/bin/xzless --slave /usr/share/man/man1/lzless.1.gz lzless.1.gz /usr/share/man/man1/xzless.1.gz --slave /usr/bin/lzdiff lzdiff /usr/bin/xzdiff --slave /usr/share/man/man1/lzdiff.1.gz lzdiff.1.gz /usr/share/man/man1/xzdiff.1.gz --slave /usr/bin/lzcmp lzcmp /usr/bin/xzcmp --slave /usr/share/man/man1/lzcmp.1.gz lzcmp.1.gz /usr/share/man/man1/xzcmp.1.gz --slave /usr/bin/lzgrep lzgrep /usr/bin/xzgrep --slave /usr/share/man/man1/lzgrep.1.gz lzgrep.1.gz /usr/share/man/man1/xzgrep.1.gz --slave /usr/bin/lzegrep lzegrep /usr/bin/xzegrep --slave /usr/share/man/man1/lzegrep.1.gz lzegrep.1.gz /usr/share/man/man1/xzegrep.1.gz --slave /usr/bin/lzfgrep lzfgrep /usr/bin/xzfgrep --slave /usr/share/man/man1/lzfgrep.1.gz lzfgrep.1.gz /usr/share/man/man1/xzfgrep.1.gz
update-alternatives 2018-01-09 22:51:32: link group lzma updated to point to /usr/bin/xz
update-alternatives 2018-01-09 22:51:34: run with --force --install /etc/ld.so.conf.d/x86_64-linux-gnu_GL.conf x86_64-linux-gnu_gl_conf /usr/lib/x86_64-linux-gnu/mesa/ld.so.conf 500 --slave /usr/lib/x86_64-linux-gnu/xorg/extra-modules x86_64-linux-gnu_xorg_extra_modules /usr/lib/x86_64-linux-gnu/xorg/x11-extra-modules
update-alternatives 2018-01-09 22:51:34: link group x86_64-linux-gnu_gl_conf updated to point to /usr/lib/x86_64-linux-gnu/mesa/ld.so.conf
update-alternatives 2018-01-09 22:51:34: run with --install /usr/bin/f95 f95 /usr/bin/gfortran 20 --slave /usr/share/man/man1/f95.1.gz f95.1.gz /usr/share/man/man1/gfortran.1.gz
update-alternatives 2018-01-09 22:51:34: link group f95 updated to point to /usr/bin/gfortran
update-alternatives 2018-01-09 22:51:34: run with --install /usr/bin/f77 f77 /usr/bin/gfortran 20 --slave /usr/share/man/man1/f77.1.gz f77.1.gz /usr/share/man/man1/gfortran.1.gz
update-alternatives 2018-01-09 22:51:34: link group f77 updated to point to /usr/bin/gfortran
update-alternatives 2018-01-09 22:51:35: run with --install /usr/lib/libblas.so.3 libblas.so.3 /usr/lib/libblas/libblas.so.3 10
update-alternatives 2018-01-09 22:51:35: link group libblas.so.3 updated to point to /usr/lib/libblas/libblas.so.3
update-alternatives 2018-01-09 22:51:35: run with --install /usr/lib/libblas.so libblas.so /usr/lib/libblas/libblas.so 10 --slave /usr/lib/libblas.a libblas.a /usr/lib/libblas/libblas.a --slave /usr/lib/pkgconfig/blas.pc blas.pc /usr/lib/pkgconfig/blas-netlib.pc
update-alternatives 2018-01-09 22:51:35: link group libblas.so updated to point to /usr/lib/libblas/libblas.so
update-alternatives 2018-01-09 22:51:36: run with --install /usr/include/mpi mpi /usr/lib/openmpi/include 50 --slave /usr/lib/libmpi.so libmpi.so /usr/lib/openmpi/lib/libmpi.so --slave /usr/lib/libmpi++.so libmpi++.so /usr/lib/openmpi/lib/libmpi_cxx.so --slave /usr/bin/mpicc mpicc /usr/bin/mpicc.openmpi --slave /usr/bin/mpic++ mpic++ /usr/bin/mpic++.openmpi --slave /usr/bin/mpicxx mpicxx /usr/bin/mpic++.openmpi --slave /usr/bin/mpiCC mpiCC /usr/bin/mpic++.openmpi --slave /usr/bin/mpif77 mpif77 /usr/bin/mpif77.openmpi --slave /usr/bin/mpif90 mpif90 /usr/bin/mpif90.openmpi --slave /usr/bin/mpifort mpifort /usr/bin/mpifort.openmpi --slave /usr/share/man/man1/mpicc.1.gz mpicc.1.gz /usr/share/man/man1/mpicc.openmpi.1.gz --slave /usr/share/man/man1/mpic++.1.gz mpic++.1.gz /usr/share/man/man1/mpic++.openmpi.1.gz --slave /usr/share/man/man1/mpicxx.1.gz mpicxx.1.gz /usr/share/man/man1/mpicxx.openmpi.1.gz --slave /usr/share/man/man1/mpiCC.1.gz mpiCC.1.gz /usr/share/man/man1/mpiCC.openmpi.1.gz --slave /usr/share/man/man1/mpif77.1.gz mpif77.1.gz /usr/share/man/man1/mpif77.openmpi.1.gz --slave /usr/share/man/man1/mpif90.1.gz mpif90.1.gz /usr/share/man/man1/mpif90.openmpi.1.gz --slave /usr/share/man/man1/mpifort.1.gz mpifort.1.gz /usr/share/man/man1/mpifort.openmpi.1.gz --slave /usr/lib/pkgconfig/mpi.pc mpi.pc /usr/lib/pkgconfig/ompi.pc --slave /usr/lib/pkgconfig/mpi-fort.pc mpi-fort.pc /usr/lib/pkgconfig/ompi-fort.pc --slave /usr/lib/pkgconfig/mpi-c.pc mpi-c.pc /usr/lib/pkgconfig/ompi-c.pc --slave /usr/lib/pkgconfig/mpi-cxx.pc mpi-cxx.pc /usr/lib/pkgconfig/ompi-cxx.pc
update-alternatives 2018-01-09 22:51:36: link group mpi updated to point to /usr/lib/openmpi/include
update-alternatives 2018-01-09 22:51:37: run with --install /usr/bin/mpirun mpirun /usr/bin/mpirun.openmpi 50 --slave /usr/share/man/man1/mpirun.1.gz mpirun.1.gz /usr/share/man/man1/mpirun.openmpi.1.gz --slave /usr/bin/mpiexec mpiexec /usr/bin/mpiexec.openmpi --slave /usr/share/man/man1/mpiexec.1.gz mpiexec.1.gz /usr/share/man/man1/mpiexec.openmpi.1.gz
update-alternatives 2018-01-09 22:51:37: link group mpirun updated to point to /usr/bin/mpirun.openmpi
update-alternatives 2018-01-09 22:51:40: run with --force --install /etc/ld.so.conf.d/x86_64-linux-gnu_EGL.conf x86_64-linux-gnu_egl_conf /usr/lib/x86_64-linux-gnu/mesa-egl/ld.so.conf 500
update-alternatives 2018-01-09 22:51:40: link group x86_64-linux-gnu_egl_conf updated to point to /usr/lib/x86_64-linux-gnu/mesa-egl/ld.so.conf
update-alternatives 2018-01-09 22:51:43: run with --install /usr/lib/libblas.so.3 libblas.so.3 /usr/lib/openblas-base/libblas.so.3 40 --slave /usr/lib/libblas.so.3gf libblas.so.3gf /usr/lib/openblas-base/libblas.so.3
update-alternatives 2018-01-09 22:51:43: link group libblas.so.3 updated to point to /usr/lib/openblas-base/libblas.so.3
update-alternatives 2018-01-09 22:51:43: run with --install /usr/lib/liblapack.so.3 liblapack.so.3 /usr/lib/openblas-base/liblapack.so.3 40 --slave /usr/lib/liblapack.so.3gf liblapack.so.3gf /usr/lib/openblas-base/liblapack.so.3
update-alternatives 2018-01-09 22:51:43: link group liblapack.so.3 updated to point to /usr/lib/openblas-base/liblapack.so.3
update-alternatives 2018-01-09 22:51:46: run with --install /usr/bin/futurize futurize /usr/bin/python3-futurize 200
update-alternatives 2018-01-09 22:51:46: link group futurize updated to point to /usr/bin/python3-futurize
update-alternatives 2018-01-09 22:51:46: run with --install /usr/bin/pasteurize pasteurize /usr/bin/python3-pasteurize 200
update-alternatives 2018-01-09 22:51:46: link group pasteurize updated to point to /usr/bin/python3-pasteurize
